[debug] [2018-03-05T22:36:41.541Z] ----------------------------------------------------------------------
[debug] [2018-03-05T22:36:41.545Z] Command:       /usr/bin/node /home/chakru/.npm-global/bin/firebase serve
[debug] [2018-03-05T22:36:41.545Z] CLI Version:   3.17.4
[debug] [2018-03-05T22:36:41.545Z] Platform:      linux
[debug] [2018-03-05T22:36:41.545Z] Node Version:  v8.9.4
[debug] [2018-03-05T22:36:41.546Z] Time:          Mon Mar 05 2018 14:36:41 GMT-0800 (PST)
[debug] [2018-03-05T22:36:41.546Z] ----------------------------------------------------------------------
[debug] 
[debug] [2018-03-05T22:36:41.561Z] > command requires scopes: ["email","openid","https://www.googleapis.com/auth/cloudplatformprojects.readonly","https://www.googleapis.com/auth/firebase","https://www.googleapis.com/auth/cloud-platform"]
[debug] [2018-03-05T22:36:41.562Z] > authorizing via signed-in user
[debug] [2018-03-05T22:36:41.564Z] >>> HTTP REQUEST GET https://admin.firebase.com/v1/projects/gobbil-169317  
  
 Mon Mar 05 2018 14:36:41 GMT-0800 (PST)
[debug] [2018-03-05T22:36:47.036Z] <<< HTTP RESPONSE 200
[debug] [2018-03-05T22:36:47.041Z] >>> HTTP REQUEST GET https://admin.firebase.com/v1/database/gobbil-169317/tokens  
  
 Mon Mar 05 2018 14:36:47 GMT-0800 (PST)
[debug] [2018-03-05T22:36:47.694Z] <<< HTTP RESPONSE 200
[info] 
[info] === Serving from '/home/chakru/workspace/jrvite-templates'...
[info] 
[debug] [2018-03-05T22:36:47.702Z] >>> HTTP REQUEST GET https://cloudresourcemanager.googleapis.com/v1/projects/gobbil-169317  
  
 Mon Mar 05 2018 14:36:47 GMT-0800 (PST)
[debug] [2018-03-05T22:36:48.272Z] <<< HTTP RESPONSE 200
[debug] [2018-03-05T22:36:48.273Z] >>> HTTP REQUEST GET https://mobilesdk-pa.googleapis.com/v1/projects/512894917458/clients/_:getWebAppConfig  
  
 Mon Mar 05 2018 14:36:48 GMT-0800 (PST)
[debug] [2018-03-05T22:36:48.885Z] <<< HTTP RESPONSE 200
[info] i  hosting: Serving hosting files from: dist
[info] ✔  hosting: Local server: http://localhost:5000

